{"C:\\Users\\Anshul yadav\\Desktop\\Web3\\spark\\backend\\src\\config\\queue.ts": {"path":"C:\\Users\\Anshul yadav\\Desktop\\Web3\\spark\\backend\\src\\config\\queue.ts","statementMap":{"0":{"start":{"line":1,"column":0},"end":{"line":1,"column":31}},"1":{"start":{"line":2,"column":0},"end":{"line":2,"column":32}},"2":{"start":{"line":5,"column":0},"end":{"line":5,"column":9}},"3":{"start":{"line":7,"column":13},"end":{"line":12,"column":null}}},"fnMap":{},"branchMap":{"0":{"loc":{"start":{"line":9,"column":14},"end":{"line":9,"column":51}},"type":"binary-expr","locations":[{"start":{"line":9,"column":14},"end":{"line":9,"column":36}},{"start":{"line":9,"column":40},"end":{"line":9,"column":51}}]},"1":{"loc":{"start":{"line":10,"column":14},"end":{"line":10,"column":52}},"type":"binary-expr","locations":[{"start":{"line":10,"column":14},"end":{"line":10,"column":44}},{"start":{"line":10,"column":48},"end":{"line":10,"column":52}}]}},"s":{"0":1,"1":1,"2":1,"3":1},"f":{},"b":{"0":[1,0],"1":[1,0]}}
,"C:\\Users\\Anshul yadav\\Desktop\\Web3\\spark\\backend\\src\\config\\redis.ts": {"path":"C:\\Users\\Anshul yadav\\Desktop\\Web3\\spark\\backend\\src\\config\\redis.ts","statementMap":{"0":{"start":{"line":1,"column":0},"end":{"line":1,"column":32}},"1":{"start":{"line":2,"column":0},"end":{"line":2,"column":28}},"2":{"start":{"line":3,"column":0},"end":{"line":3,"column":41}},"3":{"start":{"line":6,"column":0},"end":{"line":6,"column":9}},"4":{"start":{"line":8,"column":12},"end":{"line":8,"column":72}},"5":{"start":{"line":10,"column":0},"end":{"line":10,"column":60}},"6":{"start":{"line":10,"column":25},"end":{"line":10,"column":58}},"7":{"start":{"line":11,"column":0},"end":{"line":11,"column":59}},"8":{"start":{"line":11,"column":25},"end":{"line":11,"column":57}},"9":{"start":{"line":13,"column":0},"end":{"line":13,"column":21}}},"fnMap":{"0":{"name":"(anonymous_1)","decl":{"start":{"line":10,"column":20},"end":{"line":10,"column":22}},"loc":{"start":{"line":10,"column":25},"end":{"line":10,"column":58}}},"1":{"name":"(anonymous_2)","decl":{"start":{"line":11,"column":17},"end":{"line":11,"column":18}},"loc":{"start":{"line":11,"column":25},"end":{"line":11,"column":57}}}},"branchMap":{"0":{"loc":{"start":{"line":8,"column":22},"end":{"line":8,"column":71}},"type":"binary-expr","locations":[{"start":{"line":8,"column":22},"end":{"line":8,"column":43}},{"start":{"line":8,"column":47},"end":{"line":8,"column":71}}]}},"s":{"0":1,"1":1,"2":1,"3":1,"4":1,"5":1,"6":1,"7":1,"8":0,"9":1},"f":{"0":1,"1":0},"b":{"0":[1,1]}}
,"C:\\Users\\Anshul yadav\\Desktop\\Web3\\spark\\backend\\src\\models\\schema.ts": {"path":"C:\\Users\\Anshul yadav\\Desktop\\Web3\\spark\\backend\\src\\models\\schema.ts","statementMap":{"0":{"start":{"line":1,"column":0},"end":{"line":1,"column":44}},"1":{"start":{"line":2,"column":0},"end":{"line":2,"column":32}},"2":{"start":{"line":15,"column":32},"end":{"line":26,"column":null}},"3":{"start":{"line":29,"column":0},"end":{"line":29,"column":65}},"4":{"start":{"line":31,"column":13},"end":{"line":31,"column":80}}},"fnMap":{},"branchMap":{},"s":{"0":1,"1":1,"2":1,"3":1,"4":1},"f":{},"b":{}}
,"C:\\Users\\Anshul yadav\\Desktop\\Web3\\spark\\backend\\src\\services\\broadcast.service.ts": {"path":"C:\\Users\\Anshul yadav\\Desktop\\Web3\\spark\\backend\\src\\services\\broadcast.service.ts","statementMap":{"0":{"start":{"line":1,"column":0},"end":{"line":1,"column":57}},"1":{"start":{"line":2,"column":0},"end":{"line":2,"column":36}},"2":{"start":{"line":3,"column":0},"end":{"line":3,"column":52}},"3":{"start":{"line":10,"column":25},"end":{"line":10,"column":53}},"4":{"start":{"line":11,"column":8},"end":{"line":11,"column":40}},"5":{"start":{"line":13,"column":8},"end":{"line":16,"column":11}},"6":{"start":{"line":18,"column":8},"end":{"line":18,"column":25}},"7":{"start":{"line":22,"column":8},"end":{"line":22,"column":44}},"8":{"start":{"line":26,"column":27},"end":{"line":26,"column":58}},"9":{"start":{"line":27,"column":8},"end":{"line":29,"column":9}},"10":{"start":{"line":28,"column":12},"end":{"line":28,"column":42}},"11":{"start":{"line":31,"column":26},"end":{"line":31,"column":103}},"12":{"start":{"line":33,"column":8},"end":{"line":33,"column":74}},"13":{"start":{"line":34,"column":8},"end":{"line":34,"column":26}},"14":{"start":{"line":38,"column":32},"end":{"line":41,"column":null}},"15":{"start":{"line":43,"column":8},"end":{"line":43,"column":40}},"16":{"start":{"line":44,"column":8},"end":{"line":44,"column":32}},"17":{"start":{"line":5,"column":0},"end":{"line":5,"column":13}},"18":{"start":{"line":7,"column":28},"end":{"line":7,"column":60}}},"fnMap":{"0":{"name":"(anonymous_8)","decl":{"start":{"line":9,"column":4},"end":{"line":9,"column":10}},"loc":{"start":{"line":9,"column":58},"end":{"line":19,"column":null}}},"1":{"name":"(anonymous_10)","decl":{"start":{"line":21,"column":4},"end":{"line":21,"column":10}},"loc":{"start":{"line":21,"column":40},"end":{"line":23,"column":null}}},"2":{"name":"(anonymous_12)","decl":{"start":{"line":25,"column":4},"end":{"line":25,"column":10}},"loc":{"start":{"line":25,"column":38},"end":{"line":35,"column":null}}},"3":{"name":"(anonymous_14)","decl":{"start":{"line":37,"column":4},"end":{"line":37,"column":10}},"loc":{"start":{"line":37,"column":66},"end":{"line":45,"column":null}}}},"branchMap":{"0":{"loc":{"start":{"line":27,"column":8},"end":{"line":29,"column":9}},"type":"if","locations":[{"start":{"line":27,"column":8},"end":{"line":29,"column":9}}]}},"s":{"0":1,"1":1,"2":1,"3":1,"4":1,"5":1,"6":0,"7":0,"8":0,"9":0,"10":0,"11":0,"12":0,"13":0,"14":0,"15":0,"16":0,"17":1,"18":1},"f":{"0":1,"1":0,"2":0,"3":0},"b":{"0":[0]}}
,"C:\\Users\\Anshul yadav\\Desktop\\Web3\\spark\\backend\\src\\utils\\logger.ts": {"path":"C:\\Users\\Anshul yadav\\Desktop\\Web3\\spark\\backend\\src\\utils\\logger.ts","statementMap":{"0":{"start":{"line":1,"column":0},"end":{"line":1,"column":24}},"1":{"start":{"line":3,"column":13},"end":{"line":8,"column":3}}},"fnMap":{},"branchMap":{},"s":{"0":1,"1":1},"f":{},"b":{}}
}
