{"C:\\Users\\Anshul yadav\\Desktop\\Web3\\spark\\backend\\dist\\server.js": {"path":"C:\\Users\\Anshul yadav\\Desktop\\Web3\\spark\\backend\\dist\\server.js","statementMap":{"0":{"start":{"line":2,"column":22},"end":{"line":4,"column":1}},"1":{"start":{"line":3,"column":4},"end":{"line":3,"column":62}},"2":{"start":{"line":5,"column":0},"end":{"line":5,"column":62}},"3":{"start":{"line":6,"column":18},"end":{"line":6,"column":53}},"4":{"start":{"line":7,"column":17},"end":{"line":7,"column":51}},"5":{"start":{"line":8,"column":17},"end":{"line":8,"column":34}},"6":{"start":{"line":9,"column":17},"end":{"line":9,"column":42}},"7":{"start":{"line":10,"column":27},"end":{"line":10,"column":80}},"8":{"start":{"line":11,"column":19},"end":{"line":11,"column":55}},"9":{"start":{"line":12,"column":22},"end":{"line":12,"column":57}},"10":{"start":{"line":13,"column":18},"end":{"line":13,"column":45}},"11":{"start":{"line":14,"column":0},"end":{"line":14,"column":23}},"12":{"start":{"line":15,"column":12},"end":{"line":15,"column":36}},"13":{"start":{"line":16,"column":0},"end":{"line":16,"column":33}},"14":{"start":{"line":17,"column":0},"end":{"line":17,"column":37}},"15":{"start":{"line":18,"column":0},"end":{"line":18,"column":34}},"16":{"start":{"line":19,"column":0},"end":{"line":19,"column":33}},"17":{"start":{"line":20,"column":0},"end":{"line":20,"column":55}},"18":{"start":{"line":21,"column":0},"end":{"line":24,"column":77}},"19":{"start":{"line":23,"column":16},"end":{"line":23,"column":57}},"20":{"start":{"line":24,"column":20},"end":{"line":24,"column":75}},"21":{"start":{"line":25,"column":13},"end":{"line":25,"column":37}},"22":{"start":{"line":26,"column":0},"end":{"line":28,"column":3}},"23":{"start":{"line":27,"column":4},"end":{"line":27,"column":62}},"24":{"start":{"line":29,"column":0},"end":{"line":29,"column":22}}},"fnMap":{"0":{"name":"(anonymous_0)","decl":{"start":{"line":2,"column":56},"end":{"line":2,"column":57}},"loc":{"start":{"line":2,"column":71},"end":{"line":4,"column":1}},"line":2},"1":{"name":"(anonymous_1)","decl":{"start":{"line":23,"column":10},"end":{"line":23,"column":11}},"loc":{"start":{"line":23,"column":16},"end":{"line":23,"column":57}},"line":23},"2":{"name":"(anonymous_2)","decl":{"start":{"line":24,"column":11},"end":{"line":24,"column":12}},"loc":{"start":{"line":24,"column":20},"end":{"line":24,"column":75}},"line":24},"3":{"name":"(anonymous_3)","decl":{"start":{"line":26,"column":17},"end":{"line":26,"column":18}},"loc":{"start":{"line":26,"column":23},"end":{"line":28,"column":1}},"line":26}},"branchMap":{"0":{"loc":{"start":{"line":2,"column":22},"end":{"line":4,"column":1}},"type":"binary-expr","locations":[{"start":{"line":2,"column":23},"end":{"line":2,"column":27}},{"start":{"line":2,"column":31},"end":{"line":2,"column":51}},{"start":{"line":2,"column":56},"end":{"line":4,"column":1}}],"line":2},"1":{"loc":{"start":{"line":3,"column":11},"end":{"line":3,"column":61}},"type":"cond-expr","locations":[{"start":{"line":3,"column":37},"end":{"line":3,"column":40}},{"start":{"line":3,"column":43},"end":{"line":3,"column":61}}],"line":3},"2":{"loc":{"start":{"line":3,"column":12},"end":{"line":3,"column":33}},"type":"binary-expr","locations":[{"start":{"line":3,"column":12},"end":{"line":3,"column":15}},{"start":{"line":3,"column":19},"end":{"line":3,"column":33}}],"line":3},"3":{"loc":{"start":{"line":25,"column":13},"end":{"line":25,"column":37}},"type":"binary-expr","locations":[{"start":{"line":25,"column":13},"end":{"line":25,"column":29}},{"start":{"line":25,"column":33},"end":{"line":25,"column":37}}],"line":25}},"s":{"0":1,"1":4,"2":1,"3":1,"4":1,"5":1,"6":1,"7":1,"8":1,"9":1,"10":1,"11":1,"12":1,"13":1,"14":1,"15":1,"16":1,"17":1,"18":1,"19":1,"20":0,"21":1,"22":1,"23":1,"24":1},"f":{"0":4,"1":1,"2":0,"3":1},"b":{"0":[1,1,1],"1":[1,3],"2":[4,4],"3":[1,0]},"inputSourceMap":null,"_coverageSchema":"1a1c01bbd47fc00a2c39e90264f33305004495a9","hash":"874fc1e4e62d3744f814fc91702eb6355dbf206b"}
,"C:\\Users\\Anshul yadav\\Desktop\\Web3\\spark\\backend\\dist\\config\\queue.js": {"path":"C:\\Users\\Anshul yadav\\Desktop\\Web3\\spark\\backend\\dist\\config\\queue.js","statementMap":{"0":{"start":{"line":2,"column":0},"end":{"line":2,"column":62}},"1":{"start":{"line":3,"column":0},"end":{"line":3,"column":35}},"2":{"start":{"line":4,"column":17},"end":{"line":4,"column":34}},"3":{"start":{"line":5,"column":17},"end":{"line":5,"column":34}},"4":{"start":{"line":6,"column":0},"end":{"line":6,"column":23}},"5":{"start":{"line":7,"column":0},"end":{"line":12,"column":3}}},"fnMap":{},"branchMap":{"0":{"loc":{"start":{"line":9,"column":14},"end":{"line":9,"column":51}},"type":"binary-expr","locations":[{"start":{"line":9,"column":14},"end":{"line":9,"column":36}},{"start":{"line":9,"column":40},"end":{"line":9,"column":51}}],"line":9},"1":{"loc":{"start":{"line":10,"column":14},"end":{"line":10,"column":52}},"type":"binary-expr","locations":[{"start":{"line":10,"column":14},"end":{"line":10,"column":44}},{"start":{"line":10,"column":48},"end":{"line":10,"column":52}}],"line":10}},"s":{"0":2,"1":2,"2":2,"3":2,"4":2,"5":2},"f":{},"b":{"0":[2,0],"1":[2,0]},"inputSourceMap":null,"_coverageSchema":"1a1c01bbd47fc00a2c39e90264f33305004495a9","hash":"626fc82d5a6ea5f68a3aa49bcf041bd7ac169bad"}
,"C:\\Users\\Anshul yadav\\Desktop\\Web3\\spark\\backend\\dist\\config\\redis.js": {"path":"C:\\Users\\Anshul yadav\\Desktop\\Web3\\spark\\backend\\dist\\config\\redis.js","statementMap":{"0":{"start":{"line":2,"column":22},"end":{"line":4,"column":1}},"1":{"start":{"line":3,"column":4},"end":{"line":3,"column":62}},"2":{"start":{"line":5,"column":0},"end":{"line":5,"column":62}},"3":{"start":{"line":6,"column":17},"end":{"line":6,"column":34}},"4":{"start":{"line":7,"column":18},"end":{"line":7,"column":53}},"5":{"start":{"line":8,"column":17},"end":{"line":8,"column":43}},"6":{"start":{"line":9,"column":0},"end":{"line":9,"column":23}},"7":{"start":{"line":10,"column":14},"end":{"line":10,"column":86}},"8":{"start":{"line":11,"column":0},"end":{"line":11,"column":70}},"9":{"start":{"line":11,"column":26},"end":{"line":11,"column":68}},"10":{"start":{"line":12,"column":0},"end":{"line":12,"column":71}},"11":{"start":{"line":12,"column":27},"end":{"line":12,"column":69}},"12":{"start":{"line":13,"column":0},"end":{"line":13,"column":24}}},"fnMap":{"0":{"name":"(anonymous_0)","decl":{"start":{"line":2,"column":56},"end":{"line":2,"column":57}},"loc":{"start":{"line":2,"column":71},"end":{"line":4,"column":1}},"line":2},"1":{"name":"(anonymous_1)","decl":{"start":{"line":11,"column":20},"end":{"line":11,"column":21}},"loc":{"start":{"line":11,"column":26},"end":{"line":11,"column":68}},"line":11},"2":{"name":"(anonymous_2)","decl":{"start":{"line":12,"column":18},"end":{"line":12,"column":19}},"loc":{"start":{"line":12,"column":27},"end":{"line":12,"column":69}},"line":12}},"branchMap":{"0":{"loc":{"start":{"line":2,"column":22},"end":{"line":4,"column":1}},"type":"binary-expr","locations":[{"start":{"line":2,"column":23},"end":{"line":2,"column":27}},{"start":{"line":2,"column":31},"end":{"line":2,"column":51}},{"start":{"line":2,"column":56},"end":{"line":4,"column":1}}],"line":2},"1":{"loc":{"start":{"line":3,"column":11},"end":{"line":3,"column":61}},"type":"cond-expr","locations":[{"start":{"line":3,"column":37},"end":{"line":3,"column":40}},{"start":{"line":3,"column":43},"end":{"line":3,"column":61}}],"line":3},"2":{"loc":{"start":{"line":3,"column":12},"end":{"line":3,"column":33}},"type":"binary-expr","locations":[{"start":{"line":3,"column":12},"end":{"line":3,"column":15}},{"start":{"line":3,"column":19},"end":{"line":3,"column":33}}],"line":3},"3":{"loc":{"start":{"line":10,"column":36},"end":{"line":10,"column":85}},"type":"binary-expr","locations":[{"start":{"line":10,"column":36},"end":{"line":10,"column":57}},{"start":{"line":10,"column":61},"end":{"line":10,"column":85}}],"line":10}},"s":{"0":2,"1":2,"2":2,"3":2,"4":2,"5":2,"6":2,"7":2,"8":2,"9":2,"10":2,"11":0,"12":2},"f":{"0":2,"1":2,"2":0},"b":{"0":[2,2,2],"1":[0,2],"2":[2,2],"3":[2,2]},"inputSourceMap":null,"_coverageSchema":"1a1c01bbd47fc00a2c39e90264f33305004495a9","hash":"d58b2c1ec36f884b73f9c83859b58edc88c68222"}
,"C:\\Users\\Anshul yadav\\Desktop\\Web3\\spark\\backend\\dist\\config\\swagger.js": {"path":"C:\\Users\\Anshul yadav\\Desktop\\Web3\\spark\\backend\\dist\\config\\swagger.js","statementMap":{"0":{"start":{"line":2,"column":22},"end":{"line":4,"column":1}},"1":{"start":{"line":3,"column":4},"end":{"line":3,"column":62}},"2":{"start":{"line":5,"column":0},"end":{"line":5,"column":62}},"3":{"start":{"line":6,"column":0},"end":{"line":6,"column":30}},"4":{"start":{"line":7,"column":24},"end":{"line":7,"column":65}},"5":{"start":{"line":8,"column":29},"end":{"line":8,"column":75}},"6":{"start":{"line":9,"column":23},"end":{"line":29,"column":1}},"7":{"start":{"line":30,"column":20},"end":{"line":30,"column":64}},"8":{"start":{"line":31,"column":21},"end":{"line":33,"column":1}},"9":{"start":{"line":32,"column":4},"end":{"line":32,"column":110}},"10":{"start":{"line":34,"column":0},"end":{"line":34,"column":36}}},"fnMap":{"0":{"name":"(anonymous_0)","decl":{"start":{"line":2,"column":56},"end":{"line":2,"column":57}},"loc":{"start":{"line":2,"column":71},"end":{"line":4,"column":1}},"line":2},"1":{"name":"(anonymous_1)","decl":{"start":{"line":31,"column":21},"end":{"line":31,"column":22}},"loc":{"start":{"line":31,"column":30},"end":{"line":33,"column":1}},"line":31}},"branchMap":{"0":{"loc":{"start":{"line":2,"column":22},"end":{"line":4,"column":1}},"type":"binary-expr","locations":[{"start":{"line":2,"column":23},"end":{"line":2,"column":27}},{"start":{"line":2,"column":31},"end":{"line":2,"column":51}},{"start":{"line":2,"column":56},"end":{"line":4,"column":1}}],"line":2},"1":{"loc":{"start":{"line":3,"column":11},"end":{"line":3,"column":61}},"type":"cond-expr","locations":[{"start":{"line":3,"column":37},"end":{"line":3,"column":40}},{"start":{"line":3,"column":43},"end":{"line":3,"column":61}}],"line":3},"2":{"loc":{"start":{"line":3,"column":12},"end":{"line":3,"column":33}},"type":"binary-expr","locations":[{"start":{"line":3,"column":12},"end":{"line":3,"column":15}},{"start":{"line":3,"column":19},"end":{"line":3,"column":33}}],"line":3}},"s":{"0":1,"1":2,"2":1,"3":1,"4":1,"5":1,"6":1,"7":1,"8":1,"9":1,"10":1},"f":{"0":2,"1":1},"b":{"0":[1,1,1],"1":[0,2],"2":[2,2]},"inputSourceMap":null,"_coverageSchema":"1a1c01bbd47fc00a2c39e90264f33305004495a9","hash":"308060f91f70e73c36ede0c968830ccd20b84991"}
,"C:\\Users\\Anshul yadav\\Desktop\\Web3\\spark\\backend\\dist\\controllers\\broadcast.controller.js": {"path":"C:\\Users\\Anshul yadav\\Desktop\\Web3\\spark\\backend\\dist\\controllers\\broadcast.controller.js","statementMap":{"0":{"start":{"line":2,"column":16},"end":{"line":10,"column":1}},"1":{"start":{"line":3,"column":28},"end":{"line":3,"column":110}},"2":{"start":{"line":3,"column":91},"end":{"line":3,"column":106}},"3":{"start":{"line":4,"column":4},"end":{"line":9,"column":7}},"4":{"start":{"line":5,"column":36},"end":{"line":5,"column":97}},"5":{"start":{"line":5,"column":42},"end":{"line":5,"column":70}},"6":{"start":{"line":5,"column":85},"end":{"line":5,"column":95}},"7":{"start":{"line":6,"column":35},"end":{"line":6,"column":100}},"8":{"start":{"line":6,"column":41},"end":{"line":6,"column":73}},"9":{"start":{"line":6,"column":88},"end":{"line":6,"column":98}},"10":{"start":{"line":7,"column":32},"end":{"line":7,"column":116}},"11":{"start":{"line":8,"column":8},"end":{"line":8,"column":78}},"12":{"start":{"line":11,"column":22},"end":{"line":13,"column":1}},"13":{"start":{"line":12,"column":4},"end":{"line":12,"column":62}},"14":{"start":{"line":14,"column":0},"end":{"line":14,"column":62}},"15":{"start":{"line":15,"column":0},"end":{"line":15,"column":37}},"16":{"start":{"line":16,"column":17},"end":{"line":16,"column":44}},"17":{"start":{"line":17,"column":28},"end":{"line":17,"column":68}},"18":{"start":{"line":18,"column":17},"end":{"line":18,"column":43}},"19":{"start":{"line":19,"column":16},"end":{"line":19,"column":59}},"20":{"start":{"line":22,"column":8},"end":{"line":32,"column":11}},"21":{"start":{"line":23,"column":12},"end":{"line":31,"column":13}},"22":{"start":{"line":24,"column":76},"end":{"line":24,"column":84}},"23":{"start":{"line":25,"column":34},"end":{"line":25,"column":145}},"24":{"start":{"line":26,"column":16},"end":{"line":26,"column":48}},"25":{"start":{"line":29,"column":16},"end":{"line":29,"column":82}},"26":{"start":{"line":30,"column":16},"end":{"line":30,"column":98}},"27":{"start":{"line":35,"column":8},"end":{"line":46,"column":11}},"28":{"start":{"line":36,"column":12},"end":{"line":45,"column":13}},"29":{"start":{"line":37,"column":34},"end":{"line":37,"column":104}},"30":{"start":{"line":38,"column":16},"end":{"line":39,"column":84}},"31":{"start":{"line":39,"column":20},"end":{"line":39,"column":84}},"32":{"start":{"line":40,"column":16},"end":{"line":40,"column":36}},"33":{"start":{"line":43,"column":16},"end":{"line":43,"column":74}},"34":{"start":{"line":44,"column":16},"end":{"line":44,"column":75}},"35":{"start":{"line":49,"column":8},"end":{"line":58,"column":11}},"36":{"start":{"line":50,"column":12},"end":{"line":57,"column":13}},"37":{"start":{"line":51,"column":35},"end":{"line":51,"column":99}},"38":{"start":{"line":52,"column":16},"end":{"line":52,"column":37}},"39":{"start":{"line":55,"column":16},"end":{"line":55,"column":67}},"40":{"start":{"line":56,"column":16},"end":{"line":56,"column":97}},"41":{"start":{"line":61,"column":8},"end":{"line":92,"column":11}},"42":{"start":{"line":62,"column":12},"end":{"line":91,"column":13}},"43":{"start":{"line":63,"column":114},"end":{"line":63,"column":123}},"44":{"start":{"line":64,"column":30},"end":{"line":64,"column":32}},"45":{"start":{"line":65,"column":16},"end":{"line":71,"column":17}},"46":{"start":{"line":66,"column":20},"end":{"line":70,"column":22}},"47":{"start":{"line":72,"column":16},"end":{"line":73,"column":46}},"48":{"start":{"line":73,"column":20},"end":{"line":73,"column":46}},"49":{"start":{"line":74,"column":16},"end":{"line":75,"column":42}},"50":{"start":{"line":75,"column":20},"end":{"line":75,"column":42}},"51":{"start":{"line":76,"column":29},"end":{"line":76,"column":63}},"52":{"start":{"line":77,"column":34},"end":{"line":77,"column":107}},"53":{"start":{"line":78,"column":35},"end":{"line":78,"column":71}},"54":{"start":{"line":79,"column":16},"end":{"line":80,"column":60}},"55":{"start":{"line":80,"column":20},"end":{"line":80,"column":60}},"56":{"start":{"line":81,"column":35},"end":{"line":84,"column":41}},"57":{"start":{"line":85,"column":16},"end":{"line":85,"column":91}},"58":{"start":{"line":86,"column":16},"end":{"line":86,"column":37}},"59":{"start":{"line":89,"column":16},"end":{"line":89,"column":72}},"60":{"start":{"line":90,"column":16},"end":{"line":90,"column":73}},"61":{"start":{"line":95,"column":8},"end":{"line":107,"column":11}},"62":{"start":{"line":96,"column":12},"end":{"line":106,"column":13}},"63":{"start":{"line":97,"column":35},"end":{"line":97,"column":43}},"64":{"start":{"line":98,"column":41},"end":{"line":98,"column":120}},"65":{"start":{"line":99,"column":16},"end":{"line":100,"column":84}},"66":{"start":{"line":100,"column":20},"end":{"line":100,"column":84}},"67":{"start":{"line":101,"column":16},"end":{"line":101,"column":43}},"68":{"start":{"line":104,"column":16},"end":{"line":104,"column":73}},"69":{"start":{"line":105,"column":16},"end":{"line":105,"column":75}},"70":{"start":{"line":110,"column":0},"end":{"line":110,"column":50}}},"fnMap":{"0":{"name":"(anonymous_0)","decl":{"start":{"line":2,"column":44},"end":{"line":2,"column":45}},"loc":{"start":{"line":2,"column":89},"end":{"line":10,"column":1}},"line":2},"1":{"name":"adopt","decl":{"start":{"line":3,"column":13},"end":{"line":3,"column":18}},"loc":{"start":{"line":3,"column":26},"end":{"line":3,"column":112}},"line":3},"2":{"name":"(anonymous_2)","decl":{"start":{"line":3,"column":70},"end":{"line":3,"column":71}},"loc":{"start":{"line":3,"column":89},"end":{"line":3,"column":108}},"line":3},"3":{"name":"(anonymous_3)","decl":{"start":{"line":4,"column":36},"end":{"line":4,"column":37}},"loc":{"start":{"line":4,"column":63},"end":{"line":9,"column":5}},"line":4},"4":{"name":"fulfilled","decl":{"start":{"line":5,"column":17},"end":{"line":5,"column":26}},"loc":{"start":{"line":5,"column":34},"end":{"line":5,"column":99}},"line":5},"5":{"name":"rejected","decl":{"start":{"line":6,"column":17},"end":{"line":6,"column":25}},"loc":{"start":{"line":6,"column":33},"end":{"line":6,"column":102}},"line":6},"6":{"name":"step","decl":{"start":{"line":7,"column":17},"end":{"line":7,"column":21}},"loc":{"start":{"line":7,"column":30},"end":{"line":7,"column":118}},"line":7},"7":{"name":"(anonymous_7)","decl":{"start":{"line":11,"column":56},"end":{"line":11,"column":57}},"loc":{"start":{"line":11,"column":71},"end":{"line":13,"column":1}},"line":11},"8":{"name":"(anonymous_8)","decl":{"start":{"line":21,"column":4},"end":{"line":21,"column":5}},"loc":{"start":{"line":21,"column":28},"end":{"line":33,"column":5}},"line":21},"9":{"name":"(anonymous_9)","decl":{"start":{"line":22,"column":47},"end":{"line":22,"column":48}},"loc":{"start":{"line":22,"column":60},"end":{"line":32,"column":9}},"line":22},"10":{"name":"(anonymous_10)","decl":{"start":{"line":34,"column":4},"end":{"line":34,"column":5}},"loc":{"start":{"line":34,"column":25},"end":{"line":47,"column":5}},"line":34},"11":{"name":"(anonymous_11)","decl":{"start":{"line":35,"column":47},"end":{"line":35,"column":48}},"loc":{"start":{"line":35,"column":60},"end":{"line":46,"column":9}},"line":35},"12":{"name":"(anonymous_12)","decl":{"start":{"line":48,"column":4},"end":{"line":48,"column":5}},"loc":{"start":{"line":48,"column":28},"end":{"line":59,"column":5}},"line":48},"13":{"name":"(anonymous_13)","decl":{"start":{"line":49,"column":47},"end":{"line":49,"column":48}},"loc":{"start":{"line":49,"column":60},"end":{"line":58,"column":9}},"line":49},"14":{"name":"(anonymous_14)","decl":{"start":{"line":60,"column":4},"end":{"line":60,"column":5}},"loc":{"start":{"line":60,"column":36},"end":{"line":93,"column":5}},"line":60},"15":{"name":"(anonymous_15)","decl":{"start":{"line":61,"column":47},"end":{"line":61,"column":48}},"loc":{"start":{"line":61,"column":60},"end":{"line":92,"column":9}},"line":61},"16":{"name":"(anonymous_16)","decl":{"start":{"line":94,"column":4},"end":{"line":94,"column":5}},"loc":{"start":{"line":94,"column":26},"end":{"line":108,"column":5}},"line":94},"17":{"name":"(anonymous_17)","decl":{"start":{"line":95,"column":47},"end":{"line":95,"column":48}},"loc":{"start":{"line":95,"column":60},"end":{"line":107,"column":9}},"line":95}},"branchMap":{"0":{"loc":{"start":{"line":2,"column":16},"end":{"line":10,"column":1}},"type":"binary-expr","locations":[{"start":{"line":2,"column":17},"end":{"line":2,"column":21}},{"start":{"line":2,"column":25},"end":{"line":2,"column":39}},{"start":{"line":2,"column":44},"end":{"line":10,"column":1}}],"line":2},"1":{"loc":{"start":{"line":3,"column":35},"end":{"line":3,"column":109}},"type":"cond-expr","locations":[{"start":{"line":3,"column":56},"end":{"line":3,"column":61}},{"start":{"line":3,"column":64},"end":{"line":3,"column":109}}],"line":3},"2":{"loc":{"start":{"line":4,"column":16},"end":{"line":4,"column":34}},"type":"binary-expr","locations":[{"start":{"line":4,"column":16},"end":{"line":4,"column":17}},{"start":{"line":4,"column":22},"end":{"line":4,"column":33}}],"line":4},"3":{"loc":{"start":{"line":7,"column":32},"end":{"line":7,"column":115}},"type":"cond-expr","locations":[{"start":{"line":7,"column":46},"end":{"line":7,"column":67}},{"start":{"line":7,"column":70},"end":{"line":7,"column":115}}],"line":7},"4":{"loc":{"start":{"line":8,"column":51},"end":{"line":8,"column":67}},"type":"binary-expr","locations":[{"start":{"line":8,"column":51},"end":{"line":8,"column":61}},{"start":{"line":8,"column":65},"end":{"line":8,"column":67}}],"line":8},"5":{"loc":{"start":{"line":11,"column":22},"end":{"line":13,"column":1}},"type":"binary-expr","locations":[{"start":{"line":11,"column":23},"end":{"line":11,"column":27}},{"start":{"line":11,"column":31},"end":{"line":11,"column":51}},{"start":{"line":11,"column":56},"end":{"line":13,"column":1}}],"line":11},"6":{"loc":{"start":{"line":12,"column":11},"end":{"line":12,"column":61}},"type":"cond-expr","locations":[{"start":{"line":12,"column":37},"end":{"line":12,"column":40}},{"start":{"line":12,"column":43},"end":{"line":12,"column":61}}],"line":12},"7":{"loc":{"start":{"line":12,"column":12},"end":{"line":12,"column":33}},"type":"binary-expr","locations":[{"start":{"line":12,"column":12},"end":{"line":12,"column":15}},{"start":{"line":12,"column":19},"end":{"line":12,"column":33}}],"line":12},"8":{"loc":{"start":{"line":38,"column":16},"end":{"line":39,"column":84}},"type":"if","locations":[{"start":{"line":38,"column":16},"end":{"line":39,"column":84}},{"start":{},"end":{}}],"line":38},"9":{"loc":{"start":{"line":63,"column":32},"end":{"line":63,"column":52}},"type":"default-arg","locations":[{"start":{"line":63,"column":41},"end":{"line":63,"column":52}}],"line":63},"10":{"loc":{"start":{"line":63,"column":54},"end":{"line":63,"column":68}},"type":"default-arg","locations":[{"start":{"line":63,"column":62},"end":{"line":63,"column":68}}],"line":63},"11":{"loc":{"start":{"line":63,"column":88},"end":{"line":63,"column":96}},"type":"default-arg","locations":[{"start":{"line":63,"column":95},"end":{"line":63,"column":96}}],"line":63},"12":{"loc":{"start":{"line":63,"column":98},"end":{"line":63,"column":109}},"type":"default-arg","locations":[{"start":{"line":63,"column":106},"end":{"line":63,"column":109}}],"line":63},"13":{"loc":{"start":{"line":65,"column":16},"end":{"line":71,"column":17}},"type":"if","locations":[{"start":{"line":65,"column":16},"end":{"line":71,"column":17}},{"start":{},"end":{}}],"line":65},"14":{"loc":{"start":{"line":72,"column":16},"end":{"line":73,"column":46}},"type":"if","locations":[{"start":{"line":72,"column":16},"end":{"line":73,"column":46}},{"start":{},"end":{}}],"line":72},"15":{"loc":{"start":{"line":74,"column":16},"end":{"line":75,"column":42}},"type":"if","locations":[{"start":{"line":74,"column":16},"end":{"line":75,"column":42}},{"start":{},"end":{}}],"line":74},"16":{"loc":{"start":{"line":79,"column":16},"end":{"line":80,"column":60}},"type":"if","locations":[{"start":{"line":79,"column":16},"end":{"line":80,"column":60}},{"start":{},"end":{}}],"line":79},"17":{"loc":{"start":{"line":82,"column":38},"end":{"line":82,"column":62}},"type":"cond-expr","locations":[{"start":{"line":82,"column":56},"end":{"line":82,"column":57}},{"start":{"line":82,"column":60},"end":{"line":82,"column":62}}],"line":82},"18":{"loc":{"start":{"line":99,"column":16},"end":{"line":100,"column":84}},"type":"if","locations":[{"start":{"line":99,"column":16},"end":{"line":100,"column":84}},{"start":{},"end":{}}],"line":99}},"s":{"0":1,"1":2,"2":0,"3":2,"4":1,"5":1,"6":0,"7":1,"8":1,"9":0,"10":4,"11":2,"12":1,"13":1,"14":1,"15":1,"16":1,"17":1,"18":1,"19":1,"20":1,"21":1,"22":1,"23":1,"24":0,"25":1,"26":1,"27":0,"28":0,"29":0,"30":0,"31":0,"32":0,"33":0,"34":0,"35":1,"36":1,"37":1,"38":1,"39":0,"40":0,"41":0,"42":0,"43":0,"44":0,"45":0,"46":0,"47":0,"48":0,"49":0,"50":0,"51":0,"52":0,"53":0,"54":0,"55":0,"56":0,"57":0,"58":0,"59":0,"60":0,"61":0,"62":0,"63":0,"64":0,"65":0,"66":0,"67":0,"68":0,"69":0,"70":1},"f":{"0":2,"1":2,"2":0,"3":2,"4":1,"5":1,"6":4,"7":1,"8":1,"9":1,"10":0,"11":0,"12":1,"13":1,"14":0,"15":0,"16":0,"17":0},"b":{"0":[1,1,1],"1":[2,0],"2":[2,2],"3":[2,2],"4":[2,2],"5":[1,1,1],"6":[1,0],"7":[1,1],"8":[0,0],"9":[0],"10":[0],"11":[0],"12":[0],"13":[0,0],"14":[0,0],"15":[0,0],"16":[0,0],"17":[0,0],"18":[0,0]},"inputSourceMap":null,"_coverageSchema":"1a1c01bbd47fc00a2c39e90264f33305004495a9","hash":"6fd61f7570c8899134b2b0c8145f1ec8e727ce9f"}
,"C:\\Users\\Anshul yadav\\Desktop\\Web3\\spark\\backend\\dist\\middleware\\rateLimiter.js": {"path":"C:\\Users\\Anshul yadav\\Desktop\\Web3\\spark\\backend\\dist\\middleware\\rateLimiter.js","statementMap":{"0":{"start":{"line":2,"column":22},"end":{"line":4,"column":1}},"1":{"start":{"line":3,"column":4},"end":{"line":3,"column":62}},"2":{"start":{"line":5,"column":0},"end":{"line":5,"column":62}},"3":{"start":{"line":6,"column":0},"end":{"line":6,"column":58}},"4":{"start":{"line":7,"column":29},"end":{"line":7,"column":75}},"5":{"start":{"line":8,"column":0},"end":{"line":13,"column":3}},"6":{"start":{"line":14,"column":0},"end":{"line":19,"column":3}}},"fnMap":{"0":{"name":"(anonymous_0)","decl":{"start":{"line":2,"column":56},"end":{"line":2,"column":57}},"loc":{"start":{"line":2,"column":71},"end":{"line":4,"column":1}},"line":2}},"branchMap":{"0":{"loc":{"start":{"line":2,"column":22},"end":{"line":4,"column":1}},"type":"binary-expr","locations":[{"start":{"line":2,"column":23},"end":{"line":2,"column":27}},{"start":{"line":2,"column":31},"end":{"line":2,"column":51}},{"start":{"line":2,"column":56},"end":{"line":4,"column":1}}],"line":2},"1":{"loc":{"start":{"line":3,"column":11},"end":{"line":3,"column":61}},"type":"cond-expr","locations":[{"start":{"line":3,"column":37},"end":{"line":3,"column":40}},{"start":{"line":3,"column":43},"end":{"line":3,"column":61}}],"line":3},"2":{"loc":{"start":{"line":3,"column":12},"end":{"line":3,"column":33}},"type":"binary-expr","locations":[{"start":{"line":3,"column":12},"end":{"line":3,"column":15}},{"start":{"line":3,"column":19},"end":{"line":3,"column":33}}],"line":3}},"s":{"0":1,"1":1,"2":1,"3":1,"4":1,"5":1,"6":1},"f":{"0":1},"b":{"0":[1,1,1],"1":[0,1],"2":[1,1]},"inputSourceMap":null,"_coverageSchema":"1a1c01bbd47fc00a2c39e90264f33305004495a9","hash":"8b64480586504a1f37333b25d144530c5409209e"}
,"C:\\Users\\Anshul yadav\\Desktop\\Web3\\spark\\backend\\dist\\models\\schema.js": {"path":"C:\\Users\\Anshul yadav\\Desktop\\Web3\\spark\\backend\\dist\\models\\schema.js","statementMap":{"0":{"start":{"line":2,"column":22},"end":{"line":4,"column":1}},"1":{"start":{"line":3,"column":4},"end":{"line":3,"column":62}},"2":{"start":{"line":5,"column":0},"end":{"line":5,"column":62}},"3":{"start":{"line":6,"column":0},"end":{"line":6,"column":27}},"4":{"start":{"line":7,"column":19},"end":{"line":7,"column":38}},"5":{"start":{"line":8,"column":19},"end":{"line":8,"column":55}},"6":{"start":{"line":9,"column":24},"end":{"line":18,"column":2}},"7":{"start":{"line":19,"column":0},"end":{"line":19,"column":80}},"8":{"start":{"line":20,"column":0},"end":{"line":20,"column":75}}},"fnMap":{"0":{"name":"(anonymous_0)","decl":{"start":{"line":2,"column":56},"end":{"line":2,"column":57}},"loc":{"start":{"line":2,"column":71},"end":{"line":4,"column":1}},"line":2}},"branchMap":{"0":{"loc":{"start":{"line":2,"column":22},"end":{"line":4,"column":1}},"type":"binary-expr","locations":[{"start":{"line":2,"column":23},"end":{"line":2,"column":27}},{"start":{"line":2,"column":31},"end":{"line":2,"column":51}},{"start":{"line":2,"column":56},"end":{"line":4,"column":1}}],"line":2},"1":{"loc":{"start":{"line":3,"column":11},"end":{"line":3,"column":61}},"type":"cond-expr","locations":[{"start":{"line":3,"column":37},"end":{"line":3,"column":40}},{"start":{"line":3,"column":43},"end":{"line":3,"column":61}}],"line":3},"2":{"loc":{"start":{"line":3,"column":12},"end":{"line":3,"column":33}},"type":"binary-expr","locations":[{"start":{"line":3,"column":12},"end":{"line":3,"column":15}},{"start":{"line":3,"column":19},"end":{"line":3,"column":33}}],"line":3}},"s":{"0":2,"1":2,"2":2,"3":2,"4":2,"5":2,"6":2,"7":2,"8":2},"f":{"0":2},"b":{"0":[2,2,2],"1":[0,2],"2":[2,2]},"inputSourceMap":null,"_coverageSchema":"1a1c01bbd47fc00a2c39e90264f33305004495a9","hash":"0111dd26beec38d78cceb4649df588d32b91424c"}
,"C:\\Users\\Anshul yadav\\Desktop\\Web3\\spark\\backend\\dist\\routes\\broadcast.routes.js": {"path":"C:\\Users\\Anshul yadav\\Desktop\\Web3\\spark\\backend\\dist\\routes\\broadcast.routes.js","statementMap":{"0":{"start":{"line":2,"column":0},"end":{"line":2,"column":62}},"1":{"start":{"line":3,"column":18},"end":{"line":3,"column":36}},"2":{"start":{"line":4,"column":31},"end":{"line":4,"column":77}},"3":{"start":{"line":5,"column":22},"end":{"line":5,"column":58}},"4":{"start":{"line":6,"column":15},"end":{"line":6,"column":38}},"5":{"start":{"line":43,"column":0},"end":{"line":43,"column":100}},"6":{"start":{"line":53,"column":0},"end":{"line":53,"column":71}},"7":{"start":{"line":70,"column":0},"end":{"line":70,"column":67}},"8":{"start":{"line":122,"column":0},"end":{"line":122,"column":75}},"9":{"start":{"line":137,"column":0},"end":{"line":137,"column":74}},"10":{"start":{"line":138,"column":0},"end":{"line":138,"column":25}}},"fnMap":{},"branchMap":{},"s":{"0":1,"1":1,"2":1,"3":1,"4":1,"5":1,"6":1,"7":1,"8":1,"9":1,"10":1},"f":{},"b":{},"inputSourceMap":null,"_coverageSchema":"1a1c01bbd47fc00a2c39e90264f33305004495a9","hash":"fb2b32c126cd68b70689c9e92c778abfe5f542c5"}
,"C:\\Users\\Anshul yadav\\Desktop\\Web3\\spark\\backend\\dist\\services\\broadcast.service.js": {"path":"C:\\Users\\Anshul yadav\\Desktop\\Web3\\spark\\backend\\dist\\services\\broadcast.service.js","statementMap":{"0":{"start":{"line":2,"column":16},"end":{"line":10,"column":1}},"1":{"start":{"line":3,"column":28},"end":{"line":3,"column":110}},"2":{"start":{"line":3,"column":91},"end":{"line":3,"column":106}},"3":{"start":{"line":4,"column":4},"end":{"line":9,"column":7}},"4":{"start":{"line":5,"column":36},"end":{"line":5,"column":97}},"5":{"start":{"line":5,"column":42},"end":{"line":5,"column":70}},"6":{"start":{"line":5,"column":85},"end":{"line":5,"column":95}},"7":{"start":{"line":6,"column":35},"end":{"line":6,"column":100}},"8":{"start":{"line":6,"column":41},"end":{"line":6,"column":73}},"9":{"start":{"line":6,"column":88},"end":{"line":6,"column":98}},"10":{"start":{"line":7,"column":32},"end":{"line":7,"column":116}},"11":{"start":{"line":8,"column":8},"end":{"line":8,"column":78}},"12":{"start":{"line":11,"column":22},"end":{"line":13,"column":1}},"13":{"start":{"line":12,"column":4},"end":{"line":12,"column":62}},"14":{"start":{"line":14,"column":0},"end":{"line":14,"column":62}},"15":{"start":{"line":15,"column":0},"end":{"line":15,"column":34}},"16":{"start":{"line":16,"column":17},"end":{"line":16,"column":44}},"17":{"start":{"line":17,"column":16},"end":{"line":17,"column":59}},"18":{"start":{"line":18,"column":16},"end":{"line":18,"column":42}},"19":{"start":{"line":21,"column":8},"end":{"line":29,"column":11}},"20":{"start":{"line":22,"column":30},"end":{"line":22,"column":67}},"21":{"start":{"line":23,"column":12},"end":{"line":23,"column":54}},"22":{"start":{"line":24,"column":12},"end":{"line":27,"column":15}},"23":{"start":{"line":28,"column":12},"end":{"line":28,"column":29}},"24":{"start":{"line":32,"column":8},"end":{"line":34,"column":11}},"25":{"start":{"line":33,"column":12},"end":{"line":33,"column":57}},"26":{"start":{"line":37,"column":8},"end":{"line":45,"column":11}},"27":{"start":{"line":38,"column":31},"end":{"line":38,"column":72}},"28":{"start":{"line":39,"column":12},"end":{"line":41,"column":13}},"29":{"start":{"line":40,"column":16},"end":{"line":40,"column":46}},"30":{"start":{"line":42,"column":31},"end":{"line":42,"column":120}},"31":{"start":{"line":43,"column":12},"end":{"line":43,"column":89}},"32":{"start":{"line":44,"column":12},"end":{"line":44,"column":30}},"33":{"start":{"line":48,"column":8},"end":{"line":52,"column":11}},"34":{"start":{"line":49,"column":37},"end":{"line":49,"column":148}},"35":{"start":{"line":50,"column":12},"end":{"line":50,"column":54}},"36":{"start":{"line":51,"column":12},"end":{"line":51,"column":36}},"37":{"start":{"line":55,"column":0},"end":{"line":55,"column":44}},"38":{"start":{"line":56,"column":0},"end":{"line":56,"column":49}}},"fnMap":{"0":{"name":"(anonymous_0)","decl":{"start":{"line":2,"column":44},"end":{"line":2,"column":45}},"loc":{"start":{"line":2,"column":89},"end":{"line":10,"column":1}},"line":2},"1":{"name":"adopt","decl":{"start":{"line":3,"column":13},"end":{"line":3,"column":18}},"loc":{"start":{"line":3,"column":26},"end":{"line":3,"column":112}},"line":3},"2":{"name":"(anonymous_2)","decl":{"start":{"line":3,"column":70},"end":{"line":3,"column":71}},"loc":{"start":{"line":3,"column":89},"end":{"line":3,"column":108}},"line":3},"3":{"name":"(anonymous_3)","decl":{"start":{"line":4,"column":36},"end":{"line":4,"column":37}},"loc":{"start":{"line":4,"column":63},"end":{"line":9,"column":5}},"line":4},"4":{"name":"fulfilled","decl":{"start":{"line":5,"column":17},"end":{"line":5,"column":26}},"loc":{"start":{"line":5,"column":34},"end":{"line":5,"column":99}},"line":5},"5":{"name":"rejected","decl":{"start":{"line":6,"column":17},"end":{"line":6,"column":25}},"loc":{"start":{"line":6,"column":33},"end":{"line":6,"column":102}},"line":6},"6":{"name":"step","decl":{"start":{"line":7,"column":17},"end":{"line":7,"column":21}},"loc":{"start":{"line":7,"column":30},"end":{"line":7,"column":118}},"line":7},"7":{"name":"(anonymous_7)","decl":{"start":{"line":11,"column":56},"end":{"line":11,"column":57}},"loc":{"start":{"line":11,"column":71},"end":{"line":13,"column":1}},"line":11},"8":{"name":"(anonymous_8)","decl":{"start":{"line":20,"column":4},"end":{"line":20,"column":5}},"loc":{"start":{"line":20,"column":33},"end":{"line":30,"column":5}},"line":20},"9":{"name":"(anonymous_9)","decl":{"start":{"line":21,"column":47},"end":{"line":21,"column":48}},"loc":{"start":{"line":21,"column":60},"end":{"line":29,"column":9}},"line":21},"10":{"name":"(anonymous_10)","decl":{"start":{"line":31,"column":4},"end":{"line":31,"column":5}},"loc":{"start":{"line":31,"column":28},"end":{"line":35,"column":5}},"line":31},"11":{"name":"(anonymous_11)","decl":{"start":{"line":32,"column":47},"end":{"line":32,"column":48}},"loc":{"start":{"line":32,"column":60},"end":{"line":34,"column":9}},"line":32},"12":{"name":"(anonymous_12)","decl":{"start":{"line":36,"column":4},"end":{"line":36,"column":5}},"loc":{"start":{"line":36,"column":33},"end":{"line":46,"column":5}},"line":36},"13":{"name":"(anonymous_13)","decl":{"start":{"line":37,"column":47},"end":{"line":37,"column":48}},"loc":{"start":{"line":37,"column":60},"end":{"line":45,"column":9}},"line":37},"14":{"name":"(anonymous_14)","decl":{"start":{"line":47,"column":4},"end":{"line":47,"column":5}},"loc":{"start":{"line":47,"column":46},"end":{"line":53,"column":5}},"line":47},"15":{"name":"(anonymous_15)","decl":{"start":{"line":48,"column":47},"end":{"line":48,"column":48}},"loc":{"start":{"line":48,"column":60},"end":{"line":52,"column":9}},"line":48}},"branchMap":{"0":{"loc":{"start":{"line":2,"column":16},"end":{"line":10,"column":1}},"type":"binary-expr","locations":[{"start":{"line":2,"column":17},"end":{"line":2,"column":21}},{"start":{"line":2,"column":25},"end":{"line":2,"column":39}},{"start":{"line":2,"column":44},"end":{"line":10,"column":1}}],"line":2},"1":{"loc":{"start":{"line":3,"column":35},"end":{"line":3,"column":109}},"type":"cond-expr","locations":[{"start":{"line":3,"column":56},"end":{"line":3,"column":61}},{"start":{"line":3,"column":64},"end":{"line":3,"column":109}}],"line":3},"2":{"loc":{"start":{"line":4,"column":16},"end":{"line":4,"column":34}},"type":"binary-expr","locations":[{"start":{"line":4,"column":16},"end":{"line":4,"column":17}},{"start":{"line":4,"column":22},"end":{"line":4,"column":33}}],"line":4},"3":{"loc":{"start":{"line":7,"column":32},"end":{"line":7,"column":115}},"type":"cond-expr","locations":[{"start":{"line":7,"column":46},"end":{"line":7,"column":67}},{"start":{"line":7,"column":70},"end":{"line":7,"column":115}}],"line":7},"4":{"loc":{"start":{"line":8,"column":51},"end":{"line":8,"column":67}},"type":"binary-expr","locations":[{"start":{"line":8,"column":51},"end":{"line":8,"column":61}},{"start":{"line":8,"column":65},"end":{"line":8,"column":67}}],"line":8},"5":{"loc":{"start":{"line":11,"column":22},"end":{"line":13,"column":1}},"type":"binary-expr","locations":[{"start":{"line":11,"column":23},"end":{"line":11,"column":27}},{"start":{"line":11,"column":31},"end":{"line":11,"column":51}},{"start":{"line":11,"column":56},"end":{"line":13,"column":1}}],"line":11},"6":{"loc":{"start":{"line":12,"column":11},"end":{"line":12,"column":61}},"type":"cond-expr","locations":[{"start":{"line":12,"column":37},"end":{"line":12,"column":40}},{"start":{"line":12,"column":43},"end":{"line":12,"column":61}}],"line":12},"7":{"loc":{"start":{"line":12,"column":12},"end":{"line":12,"column":33}},"type":"binary-expr","locations":[{"start":{"line":12,"column":12},"end":{"line":12,"column":15}},{"start":{"line":12,"column":19},"end":{"line":12,"column":33}}],"line":12},"8":{"loc":{"start":{"line":39,"column":12},"end":{"line":41,"column":13}},"type":"if","locations":[{"start":{"line":39,"column":12},"end":{"line":41,"column":13}},{"start":{},"end":{}}],"line":39}},"s":{"0":2,"1":2,"2":0,"3":2,"4":1,"5":1,"6":0,"7":1,"8":1,"9":1,"10":3,"11":2,"12":2,"13":2,"14":2,"15":2,"16":2,"17":2,"18":2,"19":1,"20":1,"21":0,"22":0,"23":0,"24":0,"25":0,"26":1,"27":1,"28":1,"29":1,"30":0,"31":0,"32":0,"33":0,"34":0,"35":0,"36":0,"37":2,"38":2},"f":{"0":2,"1":2,"2":0,"3":2,"4":1,"5":1,"6":3,"7":2,"8":1,"9":1,"10":0,"11":0,"12":1,"13":1,"14":0,"15":0},"b":{"0":[2,2,2],"1":[2,0],"2":[2,2],"3":[1,2],"4":[2,2],"5":[2,2,2],"6":[2,0],"7":[2,2],"8":[1,0]},"inputSourceMap":null,"_coverageSchema":"1a1c01bbd47fc00a2c39e90264f33305004495a9","hash":"f2cc799176734c3a63293b76c640fcc901c2849a"}
,"C:\\Users\\Anshul yadav\\Desktop\\Web3\\spark\\backend\\dist\\utils\\logger.js": {"path":"C:\\Users\\Anshul yadav\\Desktop\\Web3\\spark\\backend\\dist\\utils\\logger.js","statementMap":{"0":{"start":{"line":2,"column":22},"end":{"line":4,"column":1}},"1":{"start":{"line":3,"column":4},"end":{"line":3,"column":62}},"2":{"start":{"line":5,"column":0},"end":{"line":5,"column":62}},"3":{"start":{"line":6,"column":0},"end":{"line":6,"column":24}},"4":{"start":{"line":7,"column":15},"end":{"line":7,"column":47}},"5":{"start":{"line":8,"column":0},"end":{"line":13,"column":3}}},"fnMap":{"0":{"name":"(anonymous_0)","decl":{"start":{"line":2,"column":56},"end":{"line":2,"column":57}},"loc":{"start":{"line":2,"column":71},"end":{"line":4,"column":1}},"line":2}},"branchMap":{"0":{"loc":{"start":{"line":2,"column":22},"end":{"line":4,"column":1}},"type":"binary-expr","locations":[{"start":{"line":2,"column":23},"end":{"line":2,"column":27}},{"start":{"line":2,"column":31},"end":{"line":2,"column":51}},{"start":{"line":2,"column":56},"end":{"line":4,"column":1}}],"line":2},"1":{"loc":{"start":{"line":3,"column":11},"end":{"line":3,"column":61}},"type":"cond-expr","locations":[{"start":{"line":3,"column":37},"end":{"line":3,"column":40}},{"start":{"line":3,"column":43},"end":{"line":3,"column":61}}],"line":3},"2":{"loc":{"start":{"line":3,"column":12},"end":{"line":3,"column":33}},"type":"binary-expr","locations":[{"start":{"line":3,"column":12},"end":{"line":3,"column":15}},{"start":{"line":3,"column":19},"end":{"line":3,"column":33}}],"line":3}},"s":{"0":2,"1":2,"2":2,"3":2,"4":2,"5":2},"f":{"0":2},"b":{"0":[2,2,2],"1":[0,2],"2":[2,2]},"inputSourceMap":null,"_coverageSchema":"1a1c01bbd47fc00a2c39e90264f33305004495a9","hash":"9fb647039c41b1387e6ca9f814c54b0820817c71"}
,"C:\\Users\\Anshul yadav\\Desktop\\Web3\\spark\\backend\\src\\server.ts": {"path":"C:\\Users\\Anshul yadav\\Desktop\\Web3\\spark\\backend\\src\\server.ts","statementMap":{"0":{"start":{"line":1,"column":0},"end":{"line":1,"column":29}},"1":{"start":{"line":3,"column":0},"end":{"line":3,"column":27}},"2":{"start":{"line":4,"column":0},"end":{"line":4,"column":31}},"3":{"start":{"line":5,"column":0},"end":{"line":5,"column":39}},"4":{"start":{"line":6,"column":0},"end":{"line":6,"column":56}},"5":{"start":{"line":7,"column":0},"end":{"line":7,"column":31}},"6":{"start":{"line":8,"column":0},"end":{"line":8,"column":56}},"7":{"start":{"line":9,"column":0},"end":{"line":9,"column":47}},"8":{"start":{"line":12,"column":0},"end":{"line":12,"column":9}},"9":{"start":{"line":13,"column":10},"end":{"line":13,"column":19}},"10":{"start":{"line":16,"column":0},"end":{"line":16,"column":18}},"11":{"start":{"line":17,"column":0},"end":{"line":17,"column":23}},"12":{"start":{"line":18,"column":0},"end":{"line":18,"column":24}},"13":{"start":{"line":20,"column":0},"end":{"line":20,"column":18}},"14":{"start":{"line":22,"column":0},"end":{"line":22,"column":44}},"15":{"start":{"line":24,"column":0},"end":{"line":27,"column":68}},"16":{"start":{"line":26,"column":16},"end":{"line":26,"column":48}},"17":{"start":{"line":27,"column":20},"end":{"line":27,"column":66}},"18":{"start":{"line":30,"column":13},"end":{"line":30,"column":37}},"19":{"start":{"line":31,"column":0},"end":{"line":33,"column":null}},"20":{"start":{"line":32,"column":4},"end":{"line":32,"column":53}},"21":{"start":{"line":35,"column":0},"end":{"line":35,"column":19}}},"fnMap":{"0":{"name":"(anonymous_1)","decl":{"start":{"line":26,"column":10},"end":{"line":26,"column":13}},"loc":{"start":{"line":26,"column":16},"end":{"line":26,"column":48}}},"1":{"name":"(anonymous_2)","decl":{"start":{"line":27,"column":11},"end":{"line":27,"column":12}},"loc":{"start":{"line":27,"column":20},"end":{"line":27,"column":66}}},"2":{"name":"(anonymous_3)","decl":{"start":{"line":31,"column":16},"end":{"line":31,"column":19}},"loc":{"start":{"line":31,"column":21},"end":{"line":33,"column":1}}}},"branchMap":{"0":{"loc":{"start":{"line":30,"column":13},"end":{"line":30,"column":37}},"type":"binary-expr","locations":[{"start":{"line":30,"column":13},"end":{"line":30,"column":29}},{"start":{"line":30,"column":33},"end":{"line":30,"column":37}}]}},"s":{"0":1,"1":1,"2":1,"3":1,"4":1,"5":1,"6":1,"7":1,"8":1,"9":1,"10":1,"11":1,"12":1,"13":1,"14":1,"15":1,"16":1,"17":0,"18":1,"19":1,"20":0,"21":1},"f":{"0":1,"1":0,"2":0},"b":{"0":[1,0]}}
,"C:\\Users\\Anshul yadav\\Desktop\\Web3\\spark\\backend\\src\\config\\queue.ts": {"path":"C:\\Users\\Anshul yadav\\Desktop\\Web3\\spark\\backend\\src\\config\\queue.ts","statementMap":{"0":{"start":{"line":1,"column":0},"end":{"line":1,"column":31}},"1":{"start":{"line":2,"column":0},"end":{"line":2,"column":32}},"2":{"start":{"line":5,"column":0},"end":{"line":5,"column":9}},"3":{"start":{"line":7,"column":13},"end":{"line":12,"column":null}}},"fnMap":{},"branchMap":{"0":{"loc":{"start":{"line":9,"column":14},"end":{"line":9,"column":51}},"type":"binary-expr","locations":[{"start":{"line":9,"column":14},"end":{"line":9,"column":36}},{"start":{"line":9,"column":40},"end":{"line":9,"column":51}}]},"1":{"loc":{"start":{"line":10,"column":14},"end":{"line":10,"column":52}},"type":"binary-expr","locations":[{"start":{"line":10,"column":14},"end":{"line":10,"column":44}},{"start":{"line":10,"column":48},"end":{"line":10,"column":52}}]}},"s":{"0":2,"1":2,"2":2,"3":2},"f":{},"b":{"0":[2,0],"1":[2,0]}}
,"C:\\Users\\Anshul yadav\\Desktop\\Web3\\spark\\backend\\src\\config\\redis.ts": {"path":"C:\\Users\\Anshul yadav\\Desktop\\Web3\\spark\\backend\\src\\config\\redis.ts","statementMap":{"0":{"start":{"line":1,"column":0},"end":{"line":1,"column":32}},"1":{"start":{"line":2,"column":0},"end":{"line":2,"column":28}},"2":{"start":{"line":3,"column":0},"end":{"line":3,"column":41}},"3":{"start":{"line":6,"column":0},"end":{"line":6,"column":9}},"4":{"start":{"line":8,"column":12},"end":{"line":8,"column":72}},"5":{"start":{"line":10,"column":0},"end":{"line":10,"column":60}},"6":{"start":{"line":10,"column":25},"end":{"line":10,"column":58}},"7":{"start":{"line":11,"column":0},"end":{"line":11,"column":59}},"8":{"start":{"line":11,"column":25},"end":{"line":11,"column":57}},"9":{"start":{"line":13,"column":0},"end":{"line":13,"column":21}}},"fnMap":{"0":{"name":"(anonymous_1)","decl":{"start":{"line":10,"column":20},"end":{"line":10,"column":22}},"loc":{"start":{"line":10,"column":25},"end":{"line":10,"column":58}}},"1":{"name":"(anonymous_2)","decl":{"start":{"line":11,"column":17},"end":{"line":11,"column":18}},"loc":{"start":{"line":11,"column":25},"end":{"line":11,"column":57}}}},"branchMap":{"0":{"loc":{"start":{"line":8,"column":22},"end":{"line":8,"column":71}},"type":"binary-expr","locations":[{"start":{"line":8,"column":22},"end":{"line":8,"column":43}},{"start":{"line":8,"column":47},"end":{"line":8,"column":71}}]}},"s":{"0":2,"1":2,"2":2,"3":2,"4":2,"5":2,"6":2,"7":2,"8":0,"9":2},"f":{"0":2,"1":0},"b":{"0":[2,2]}}
,"C:\\Users\\Anshul yadav\\Desktop\\Web3\\spark\\backend\\src\\config\\swagger.ts": {"path":"C:\\Users\\Anshul yadav\\Desktop\\Web3\\spark\\backend\\src\\config\\swagger.ts","statementMap":{"0":{"start":{"line":1,"column":0},"end":{"line":1,"column":41}},"1":{"start":{"line":2,"column":0},"end":{"line":2,"column":43}},"2":{"start":{"line":5,"column":23},"end":{"line":25,"column":2}},"3":{"start":{"line":27,"column":20},"end":{"line":27,"column":48}},"4":{"start":{"line":29,"column":28},"end":{"line":31,"column":1}},"5":{"start":{"line":30,"column":2},"end":{"line":30,"column":70}},"6":{"start":{"line":29,"column":13},"end":{"line":29,"column":28}}},"fnMap":{"0":{"name":"(anonymous_1)","decl":{"start":{"line":29,"column":28},"end":{"line":29,"column":29}},"loc":{"start":{"line":29,"column":45},"end":{"line":31,"column":1}}}},"branchMap":{},"s":{"0":1,"1":1,"2":1,"3":1,"4":1,"5":1,"6":1},"f":{"0":1},"b":{}}
,"C:\\Users\\Anshul yadav\\Desktop\\Web3\\spark\\backend\\src\\controllers\\broadcast.controller.ts": {"path":"C:\\Users\\Anshul yadav\\Desktop\\Web3\\spark\\backend\\src\\controllers\\broadcast.controller.ts","statementMap":{"0":{"start":{"line":2,"column":0},"end":{"line":2,"column":57}},"1":{"start":{"line":3,"column":0},"end":{"line":3,"column":65}},"2":{"start":{"line":4,"column":0},"end":{"line":4,"column":41}},"3":{"start":{"line":6,"column":0},"end":{"line":6,"column":42}},"4":{"start":{"line":11,"column":8},"end":{"line":18,"column":9}},"5":{"start":{"line":12,"column":69},"end":{"line":12,"column":77}},"6":{"start":{"line":13,"column":29},"end":{"line":13,"column":119}},"7":{"start":{"line":14,"column":12},"end":{"line":14,"column":44}},"8":{"start":{"line":16,"column":12},"end":{"line":16,"column":70}},"9":{"start":{"line":17,"column":12},"end":{"line":17,"column":null}},"10":{"start":{"line":22,"column":8},"end":{"line":29,"column":9}},"11":{"start":{"line":23,"column":29},"end":{"line":23,"column":79}},"12":{"start":{"line":24,"column":12},"end":{"line":24,"column":90}},"13":{"start":{"line":24,"column":27},"end":{"line":24,"column":90}},"14":{"start":{"line":25,"column":12},"end":{"line":25,"column":32}},"15":{"start":{"line":27,"column":12},"end":{"line":27,"column":62}},"16":{"start":{"line":28,"column":12},"end":{"line":28,"column":70}},"17":{"start":{"line":33,"column":8},"end":{"line":39,"column":9}},"18":{"start":{"line":34,"column":29},"end":{"line":34,"column":73}},"19":{"start":{"line":35,"column":10},"end":{"line":35,"column":31}},"20":{"start":{"line":37,"column":10},"end":{"line":37,"column":61}},"21":{"start":{"line":38,"column":10},"end":{"line":38,"column":90}},"22":{"start":{"line":43,"column":8},"end":{"line":76,"column":9}},"23":{"start":{"line":44,"column":98},"end":{"line":44,"column":107}},"24":{"start":{"line":46,"column":27},"end":{"line":46,"column":29}},"25":{"start":{"line":48,"column":10},"end":{"line":54,"column":11}},"26":{"start":{"line":49,"column":12},"end":{"line":53,"column":14}},"27":{"start":{"line":56,"column":10},"end":{"line":56,"column":49}},"28":{"start":{"line":56,"column":23},"end":{"line":56,"column":49}},"29":{"start":{"line":58,"column":10},"end":{"line":58,"column":42}},"30":{"start":{"line":58,"column":21},"end":{"line":58,"column":42}},"31":{"start":{"line":59,"column":23},"end":{"line":59,"column":54}},"32":{"start":{"line":61,"column":28},"end":{"line":61,"column":101}},"33":{"start":{"line":62,"column":29},"end":{"line":62,"column":61}},"34":{"start":{"line":63,"column":10},"end":{"line":63,"column":65}},"35":{"start":{"line":63,"column":25},"end":{"line":63,"column":65}},"36":{"start":{"line":65,"column":29},"end":{"line":68,"column":32}},"37":{"start":{"line":70,"column":11},"end":{"line":70,"column":81}},"38":{"start":{"line":72,"column":11},"end":{"line":72,"column":32}},"39":{"start":{"line":74,"column":10},"end":{"line":74,"column":56}},"40":{"start":{"line":75,"column":10},"end":{"line":75,"column":null}},"41":{"start":{"line":80,"column":8},"end":{"line":88,"column":9}},"42":{"start":{"line":81,"column":29},"end":{"line":81,"column":37}},"43":{"start":{"line":82,"column":35},"end":{"line":82,"column":94}},"44":{"start":{"line":83,"column":10},"end":{"line":83,"column":97}},"45":{"start":{"line":83,"column":33},"end":{"line":83,"column":97}},"46":{"start":{"line":84,"column":10},"end":{"line":84,"column":37}},"47":{"start":{"line":86,"column":10},"end":{"line":86,"column":58}},"48":{"start":{"line":87,"column":10},"end":{"line":87,"column":69}},"49":{"start":{"line":9,"column":0},"end":{"line":9,"column":13}}},"fnMap":{"0":{"name":"(anonymous_8)","decl":{"start":{"line":10,"column":4},"end":{"line":10,"column":10}},"loc":{"start":{"line":10,"column":51},"end":{"line":19,"column":null}}},"1":{"name":"(anonymous_10)","decl":{"start":{"line":21,"column":4},"end":{"line":21,"column":10}},"loc":{"start":{"line":21,"column":48},"end":{"line":30,"column":null}}},"2":{"name":"(anonymous_12)","decl":{"start":{"line":32,"column":4},"end":{"line":32,"column":10}},"loc":{"start":{"line":32,"column":51},"end":{"line":40,"column":null}}},"3":{"name":"(anonymous_14)","decl":{"start":{"line":42,"column":4},"end":{"line":42,"column":10}},"loc":{"start":{"line":42,"column":59},"end":{"line":77,"column":null}}},"4":{"name":"(anonymous_16)","decl":{"start":{"line":79,"column":4},"end":{"line":79,"column":10}},"loc":{"start":{"line":79,"column":49},"end":{"line":89,"column":null}}}},"branchMap":{"0":{"loc":{"start":{"line":24,"column":12},"end":{"line":24,"column":90}},"type":"if","locations":[{"start":{"line":24,"column":12},"end":{"line":24,"column":90}}]},"1":{"loc":{"start":{"line":44,"column":26},"end":{"line":44,"column":44}},"type":"default-arg","locations":[{"start":{"line":44,"column":33},"end":{"line":44,"column":44}}]},"2":{"loc":{"start":{"line":44,"column":46},"end":{"line":44,"column":60}},"type":"default-arg","locations":[{"start":{"line":44,"column":54},"end":{"line":44,"column":60}}]},"3":{"loc":{"start":{"line":44,"column":80},"end":{"line":44,"column":86}},"type":"default-arg","locations":[{"start":{"line":44,"column":85},"end":{"line":44,"column":86}}]},"4":{"loc":{"start":{"line":44,"column":87},"end":{"line":44,"column":96}},"type":"default-arg","locations":[{"start":{"line":44,"column":93},"end":{"line":44,"column":96}}]},"5":{"loc":{"start":{"line":48,"column":10},"end":{"line":54,"column":11}},"type":"if","locations":[{"start":{"line":48,"column":10},"end":{"line":54,"column":11}}]},"6":{"loc":{"start":{"line":56,"column":10},"end":{"line":56,"column":49}},"type":"if","locations":[{"start":{"line":56,"column":10},"end":{"line":56,"column":49}}]},"7":{"loc":{"start":{"line":58,"column":10},"end":{"line":58,"column":42}},"type":"if","locations":[{"start":{"line":58,"column":10},"end":{"line":58,"column":42}}]},"8":{"loc":{"start":{"line":63,"column":10},"end":{"line":63,"column":65}},"type":"if","locations":[{"start":{"line":63,"column":10},"end":{"line":63,"column":65}}]},"9":{"loc":{"start":{"line":66,"column":39},"end":{"line":66,"column":62}},"type":"cond-expr","locations":[{"start":{"line":66,"column":57},"end":{"line":66,"column":58}},{"start":{"line":66,"column":60},"end":{"line":66,"column":62}}]},"10":{"loc":{"start":{"line":83,"column":10},"end":{"line":83,"column":97}},"type":"if","locations":[{"start":{"line":83,"column":10},"end":{"line":83,"column":97}}]}},"s":{"0":1,"1":1,"2":1,"3":1,"4":1,"5":1,"6":1,"7":0,"8":1,"9":1,"10":0,"11":0,"12":0,"13":0,"14":0,"15":0,"16":0,"17":1,"18":1,"19":0,"20":1,"21":1,"22":0,"23":0,"24":0,"25":0,"26":0,"27":0,"28":0,"29":0,"30":0,"31":0,"32":0,"33":0,"34":0,"35":0,"36":0,"37":0,"38":0,"39":0,"40":0,"41":0,"42":0,"43":0,"44":0,"45":0,"46":0,"47":0,"48":0,"49":1},"f":{"0":1,"1":0,"2":1,"3":0,"4":0},"b":{"0":[0],"1":[0],"2":[0],"3":[0],"4":[0],"5":[0],"6":[0],"7":[0],"8":[0],"9":[0,0],"10":[0]}}
,"C:\\Users\\Anshul yadav\\Desktop\\Web3\\spark\\backend\\src\\middleware\\rateLimiter.ts": {"path":"C:\\Users\\Anshul yadav\\Desktop\\Web3\\spark\\backend\\src\\middleware\\rateLimiter.ts","statementMap":{"0":{"start":{"line":1,"column":0},"end":{"line":1,"column":43}},"1":{"start":{"line":4,"column":13},"end":{"line":9,"column":3}},"2":{"start":{"line":11,"column":13},"end":{"line":16,"column":3}}},"fnMap":{},"branchMap":{},"s":{"0":1,"1":1,"2":1},"f":{},"b":{}}
,"C:\\Users\\Anshul yadav\\Desktop\\Web3\\spark\\backend\\src\\models\\schema.ts": {"path":"C:\\Users\\Anshul yadav\\Desktop\\Web3\\spark\\backend\\src\\models\\schema.ts","statementMap":{"0":{"start":{"line":1,"column":0},"end":{"line":1,"column":44}},"1":{"start":{"line":2,"column":0},"end":{"line":2,"column":32}},"2":{"start":{"line":15,"column":32},"end":{"line":26,"column":null}},"3":{"start":{"line":29,"column":0},"end":{"line":29,"column":80}},"4":{"start":{"line":31,"column":13},"end":{"line":31,"column":80}}},"fnMap":{},"branchMap":{},"s":{"0":2,"1":2,"2":2,"3":2,"4":2},"f":{},"b":{}}
,"C:\\Users\\Anshul yadav\\Desktop\\Web3\\spark\\backend\\src\\routes\\broadcast.routes.ts": {"path":"C:\\Users\\Anshul yadav\\Desktop\\Web3\\spark\\backend\\src\\routes\\broadcast.routes.ts","statementMap":{"0":{"start":{"line":1,"column":0},"end":{"line":1,"column":33}},"1":{"start":{"line":2,"column":0},"end":{"line":2,"column":74}},"2":{"start":{"line":3,"column":0},"end":{"line":3,"column":61}},"3":{"start":{"line":5,"column":15},"end":{"line":5,"column":23}},"4":{"start":{"line":44,"column":0},"end":{"line":44,"column":62}},"5":{"start":{"line":55,"column":0},"end":{"line":55,"column":48}},"6":{"start":{"line":73,"column":0},"end":{"line":73,"column":44}},"7":{"start":{"line":127,"column":0},"end":{"line":127,"column":53}},"8":{"start":{"line":143,"column":0},"end":{"line":143,"column":51}},"9":{"start":{"line":145,"column":0},"end":{"line":145,"column":22}}},"fnMap":{},"branchMap":{},"s":{"0":1,"1":1,"2":1,"3":1,"4":1,"5":1,"6":1,"7":1,"8":1,"9":1},"f":{},"b":{}}
,"C:\\Users\\Anshul yadav\\Desktop\\Web3\\spark\\backend\\src\\services\\broadcast.service.ts": {"path":"C:\\Users\\Anshul yadav\\Desktop\\Web3\\spark\\backend\\src\\services\\broadcast.service.ts","statementMap":{"0":{"start":{"line":1,"column":0},"end":{"line":1,"column":57}},"1":{"start":{"line":2,"column":0},"end":{"line":2,"column":36}},"2":{"start":{"line":3,"column":0},"end":{"line":3,"column":52}},"3":{"start":{"line":10,"column":25},"end":{"line":10,"column":53}},"4":{"start":{"line":11,"column":8},"end":{"line":11,"column":40}},"5":{"start":{"line":13,"column":8},"end":{"line":16,"column":11}},"6":{"start":{"line":18,"column":8},"end":{"line":18,"column":25}},"7":{"start":{"line":22,"column":8},"end":{"line":22,"column":44}},"8":{"start":{"line":26,"column":27},"end":{"line":26,"column":58}},"9":{"start":{"line":27,"column":8},"end":{"line":29,"column":9}},"10":{"start":{"line":28,"column":12},"end":{"line":28,"column":42}},"11":{"start":{"line":31,"column":26},"end":{"line":31,"column":104}},"12":{"start":{"line":33,"column":8},"end":{"line":33,"column":74}},"13":{"start":{"line":34,"column":8},"end":{"line":34,"column":26}},"14":{"start":{"line":39,"column":32},"end":{"line":42,"column":null}},"15":{"start":{"line":44,"column":8},"end":{"line":44,"column":40}},"16":{"start":{"line":45,"column":8},"end":{"line":45,"column":32}},"17":{"start":{"line":5,"column":0},"end":{"line":5,"column":13}},"18":{"start":{"line":7,"column":28},"end":{"line":7,"column":60}}},"fnMap":{"0":{"name":"(anonymous_8)","decl":{"start":{"line":9,"column":4},"end":{"line":9,"column":10}},"loc":{"start":{"line":9,"column":58},"end":{"line":19,"column":null}}},"1":{"name":"(anonymous_10)","decl":{"start":{"line":21,"column":4},"end":{"line":21,"column":10}},"loc":{"start":{"line":21,"column":40},"end":{"line":23,"column":null}}},"2":{"name":"(anonymous_12)","decl":{"start":{"line":25,"column":4},"end":{"line":25,"column":10}},"loc":{"start":{"line":25,"column":36},"end":{"line":35,"column":null}}},"3":{"name":"(anonymous_14)","decl":{"start":{"line":38,"column":4},"end":{"line":38,"column":10}},"loc":{"start":{"line":38,"column":66},"end":{"line":46,"column":null}}}},"branchMap":{"0":{"loc":{"start":{"line":27,"column":8},"end":{"line":29,"column":9}},"type":"if","locations":[{"start":{"line":27,"column":8},"end":{"line":29,"column":9}}]}},"s":{"0":2,"1":2,"2":2,"3":2,"4":2,"5":2,"6":1,"7":0,"8":1,"9":1,"10":0,"11":1,"12":0,"13":0,"14":0,"15":0,"16":0,"17":2,"18":2},"f":{"0":2,"1":0,"2":1,"3":0},"b":{"0":[0]}}
,"C:\\Users\\Anshul yadav\\Desktop\\Web3\\spark\\backend\\src\\utils\\logger.ts": {"path":"C:\\Users\\Anshul yadav\\Desktop\\Web3\\spark\\backend\\src\\utils\\logger.ts","statementMap":{"0":{"start":{"line":1,"column":0},"end":{"line":1,"column":24}},"1":{"start":{"line":3,"column":13},"end":{"line":8,"column":3}}},"fnMap":{},"branchMap":{},"s":{"0":2,"1":2},"f":{},"b":{}}
}
